<?xml version="1.0" encoding="UTF-8"?>
<!-- Generated by org.testng.reporters.JUnitXMLReporter -->
<testsuite hostname="anujs-MacBook-Pro.local" ignored="0" name="Test" tests="3" failures="2" timestamp="2020-04-18T21:05:57 EDT" time="0.048" errors="0">
  <testcase name="test1" time="0.008" classname="demo.TestNGRetryDemo"/>
  <testcase name="test2" time="0.001" classname="demo.TestNGRetryDemo">
    <failure type="java.lang.ArithmeticException" message="/ by zero">
      <![CDATA[java.lang.ArithmeticException: / by zero
at demo.TestNGRetryDemo.test2(TestNGRetryDemo.java:21)
at java.util.ArrayList.forEach(ArrayList.java:1257)
... Removed 27 stack frames]]>
    </failure>
  </testcase> <!-- test2 -->
  <testcase name="test3" time="0.002" classname="demo.TestNGRetryDemo">
    <failure type="java.lang.AssertionError">
      <![CDATA[java.lang.AssertionError: 
at demo.TestNGRetryDemo.test3(TestNGRetryDemo.java:29)
at java.util.ArrayList.forEach(ArrayList.java:1257)
... Removed 30 stack frames]]>
    </failure>
  </testcase> <!-- test3 -->
</testsuite> <!-- Test -->
